Using pre-set license
Built from '2020.3/staging' branch; Version is '2020.3.30f1 (1fb1bf06830e) revision 2077119'; Using compiler version '192528614'; Build Type 'Release'
OS: 'Windows 10  (10.0.19044) 64bit CoreSingleLanguage' Language: 'tr' Physical Memory: 7528 MB
BatchMode: 1, IsHumanControllingUs: 0, StartBugReporterOnCrash: 0, Is64bit: 1, IsPro: 0

COMMAND LINE ARGUMENTS:
C:\Program Files\Unity\Hub\Editor\2020.3.30f1\Editor\Unity.exe
-adb2
-batchMode
-noUpm
-name
AssetImportWorker0
-projectPath
C:/Users/burak/OneDrive/Masaüstü/Projects/Improving_Projects/InfinityPath
-logFile
Logs/AssetImportWorker0.log
-srvPort
63711
Successfully changed project path to: C:/Users/burak/OneDrive/Masaüstü/Projects/Improving_Projects/InfinityPath
C:/Users/burak/OneDrive/Masaüstü/Projects/Improving_Projects/InfinityPath
Using Asset Import Pipeline V2.
Refreshing native plugins compatible for Editor in 46.52 ms, found 3 plugins.
Preloading 0 native plugins for Editor in 0.00 ms.
Initialize engine version: 2020.3.30f1 (1fb1bf06830e)
[Subsystems] Discovering subsystems at path C:/Program Files/Unity/Hub/Editor/2020.3.30f1/Editor/Data/Resources/UnitySubsystems
[Subsystems] Discovering subsystems at path C:/Users/burak/OneDrive/Masaüstü/Projects/Improving_Projects/InfinityPath/Assets
GfxDevice: creating device client; threaded=0
Direct3D:
    Version:  Direct3D 11.0 [level 11.1]
    Renderer: NVIDIA GeForce RTX 3050 Laptop GPU (ID=0x25a2)
    Vendor:   
    VRAM:     3991 MB
    Driver:   30.0.15.1272
Initialize mono
Mono path[0] = 'C:/Program Files/Unity/Hub/Editor/2020.3.30f1/Editor/Data/Managed'
Mono path[1] = 'C:/Program Files/Unity/Hub/Editor/2020.3.30f1/Editor/Data/MonoBleedingEdge/lib/mono/unityjit'
Mono config path = 'C:/Program Files/Unity/Hub/Editor/2020.3.30f1/Editor/Data/MonoBleedingEdge/etc'
Using monoOptions --debugger-agent=transport=dt_socket,embedding=1,server=y,suspend=n,address=127.0.0.1:56148
Begin MonoManager ReloadAssembly
Registering precompiled unity dll's ...
Register platform support module: C:/Program Files/Unity/Hub/Editor/2020.3.30f1/Editor/Data/PlaybackEngines/WebGLSupport/UnityEditor.WebGL.Extensions.dll
Register platform support module: C:/Program Files/Unity/Hub/Editor/2020.3.30f1/Editor/Data/PlaybackEngines/WindowsStandaloneSupport/UnityEditor.WindowsStandalone.Extensions.dll
Registered in 0.004568 seconds.
Native extension for WindowsStandalone target not found
Native extension for WebGL target not found
Refreshing native plugins compatible for Editor in 41.17 ms, found 3 plugins.
Preloading 0 native plugins for Editor in 0.00 ms.
Mono: successfully reloaded assembly
- Completed reload, in  0.489 seconds
Domain Reload Profiling:
	ReloadAssembly (489ms)
		BeginReloadAssembly (86ms)
			ExecutionOrderSort (0ms)
			DisableScriptedObjects (0ms)
			BackupInstance (0ms)
			ReleaseScriptingObjects (0ms)
			CreateAndSetChildDomain (1ms)
		EndReloadAssembly (345ms)
			LoadAssemblies (84ms)
			RebuildTransferFunctionScriptingTraits (0ms)
			SetupTypeCache (104ms)
			ReleaseScriptCaches (0ms)
			RebuildScriptCaches (21ms)
			SetupLoadedEditorAssemblies (144ms)
				LogAssemblyErrors (0ms)
				InitializePlatformSupportModulesInManaged (5ms)
				SetLoadedEditorAssemblies (0ms)
				RefreshPlugins (41ms)
				BeforeProcessingInitializeOnLoad (10ms)
				ProcessInitializeOnLoadAttributes (66ms)
				ProcessInitializeOnLoadMethodAttributes (22ms)
				AfterProcessingInitializeOnLoad (0ms)
				EditorAssembliesLoaded (0ms)
			ExecutionOrderSort2 (0ms)
			AwakeInstancesAfterBackupRestoration (0ms)
Platform modules already initialized, skipping
Registering precompiled user dll's ...
Registered in 0.007594 seconds.
Begin MonoManager ReloadAssembly
Native extension for WindowsStandalone target not found
Native extension for WebGL target not found
Refreshing native plugins compatible for Editor in 34.62 ms, found 3 plugins.
Preloading 0 native plugins for Editor in 0.00 ms.
Mono: successfully reloaded assembly
- Completed reload, in  0.949 seconds
Domain Reload Profiling:
	ReloadAssembly (951ms)
		BeginReloadAssembly (136ms)
			ExecutionOrderSort (0ms)
			DisableScriptedObjects (4ms)
			BackupInstance (0ms)
			ReleaseScriptingObjects (0ms)
			CreateAndSetChildDomain (19ms)
		EndReloadAssembly (745ms)
			LoadAssemblies (135ms)
			RebuildTransferFunctionScriptingTraits (0ms)
			SetupTypeCache (217ms)
			ReleaseScriptCaches (0ms)
			RebuildScriptCaches (33ms)
			SetupLoadedEditorAssemblies (291ms)
				LogAssemblyErrors (0ms)
				InitializePlatformSupportModulesInManaged (4ms)
				SetLoadedEditorAssemblies (0ms)
				RefreshPlugins (35ms)
				BeforeProcessingInitializeOnLoad (68ms)
				ProcessInitializeOnLoadAttributes (158ms)
				ProcessInitializeOnLoadMethodAttributes (19ms)
				AfterProcessingInitializeOnLoad (6ms)
				EditorAssembliesLoaded (0ms)
			ExecutionOrderSort2 (0ms)
			AwakeInstancesAfterBackupRestoration (5ms)
Platform modules already initialized, skipping
========================================================================
Worker process is ready to serve import requests
Launched and connected shader compiler UnityShaderCompiler.exe after 0.05 seconds
Refreshing native plugins compatible for Editor in 0.64 ms, found 3 plugins.
Preloading 0 native plugins for Editor in 0.00 ms.
Unloading 2196 Unused Serialized files (Serialized files now loaded: 0)
System memory in use before: 96.8 MB.
System memory in use after: 96.7 MB.

Unloading 31 unused Assets to reduce memory usage. Loaded Objects now: 2626.
Total: 6.855200 ms (FindLiveObjects: 0.300200 ms CreateObjectMapping: 0.055400 ms MarkObjects: 6.330000 ms  DeleteObjects: 0.166700 ms)

AssetImportParameters requested are different than current active one (requested -> active):
  custom:framework-win-MediaFoundation: 216162199b28c13a410421893ffa2e32 -> 
  custom:video-decoder-ogg-theora: a1e56fd34408186e4bbccfd4996cb3dc -> 
  custom:container-muxer-webm: aa71ff27fc2769a1b78a27578f13a17b -> 
  custom:container-demuxer-webm: 4f35f7cbe854078d1ac9338744f61a02 -> 
  custom:container-demuxer-ogg: 62fdf1f143b41e24485cea50d1cbac27 -> 
  custom:video-encoder-webm-vp8: eb34c28f22e8b96e1ab97ce403110664 -> 
  custom:video-codec-MediaFoundation-h265: 746d11721c4dcdbdad8f713fa42b33f4 -> 
  custom:video-decoder-webm-vp8: 9c59270c3fd7afecdb556c50c9e8de78 -> 
  custom:audio-decoder-ogg-vorbis: bf7c407c2cedff20999df2af8eb42d56 -> 
  custom:audio-encoder-webm-vorbis: bf7c407c2cedff20999df2af8eb42d56 -> 
========================================================================
Received Import Request.
  path: Assets
  artifactKey: Guid(00000000000000001000000000000000) Importer(815301076,1909f56bfc062723c751e8b465ee728b)
Start importing Assets using Guid(00000000000000001000000000000000) Importer(815301076,1909f56bfc062723c751e8b465ee728b)  -> (artifact id: '42d402b061de3733987d63b9cc3b64de') in 0.015602 seconds 
========================================================================
Received Import Request.
  Time since last request: 1.234447 seconds.
  path: Assets/Sprites
  artifactKey: Guid(1de05cb11055f8c45ba78ed5fd3cc8eb) Importer(815301076,1909f56bfc062723c751e8b465ee728b)
Start importing Assets/Sprites using Guid(1de05cb11055f8c45ba78ed5fd3cc8eb) Importer(815301076,1909f56bfc062723c751e8b465ee728b)  -> (artifact id: '965ae4cf96ce4b74ab61fac9b4e82dce') in 0.008260 seconds 
========================================================================
Received Import Request.
  Time since last request: 69.813164 seconds.
  path: Assets/Sprites/Bridge.png
  artifactKey: Guid(e4af291a10cdf7646a0e79b469491c34) Importer(815301076,1909f56bfc062723c751e8b465ee728b)
Start importing Assets/Sprites/Bridge.png using Guid(e4af291a10cdf7646a0e79b469491c34) Importer(815301076,1909f56bfc062723c751e8b465ee728b)  -> (artifact id: 'fff63b0f9b93efffee4571ad09a80f8f') in 0.156323 seconds 
========================================================================
Received Import Request.
  Time since last request: 0.000133 seconds.
  path: Assets/Sprites/Corner 4.png
  artifactKey: Guid(684cec861cd5307459cae8fc03b64265) Importer(815301076,1909f56bfc062723c751e8b465ee728b)
Start importing Assets/Sprites/Corner 4.png using Guid(684cec861cd5307459cae8fc03b64265) Importer(815301076,1909f56bfc062723c751e8b465ee728b)  -> (artifact id: '6475b6ab5c234fc2cb0a6b88d0d7be05') in 0.022192 seconds 
========================================================================
Received Import Request.
  Time since last request: 0.000160 seconds.
  path: Assets/Sprites/Corner 2.png
  artifactKey: Guid(76c576f7591c63b4796d5bcf717f37de) Importer(815301076,1909f56bfc062723c751e8b465ee728b)
Start importing Assets/Sprites/Corner 2.png using Guid(76c576f7591c63b4796d5bcf717f37de) Importer(815301076,1909f56bfc062723c751e8b465ee728b)  -> (artifact id: 'f7dde534902fb6e13ebfa184e4d0349c') in 0.019058 seconds 
========================================================================
Received Import Request.
  Time since last request: 0.000154 seconds.
  path: Assets/Sprites/Rocks 1.png
  artifactKey: Guid(a6c4cb8aedef2e04fb361ee4fe6ae190) Importer(815301076,1909f56bfc062723c751e8b465ee728b)
Start importing Assets/Sprites/Rocks 1.png using Guid(a6c4cb8aedef2e04fb361ee4fe6ae190) Importer(815301076,1909f56bfc062723c751e8b465ee728b)  -> (artifact id: '1ed93b07f4ecdd2f22f18258bac65b71') in 0.018121 seconds 
========================================================================
Received Import Request.
  Time since last request: 0.000134 seconds.
  path: Assets/Sprites/Tree 4.png
  artifactKey: Guid(7c22cf934e6b69849ad5ad1bd038f486) Importer(815301076,1909f56bfc062723c751e8b465ee728b)
Start importing Assets/Sprites/Tree 4.png using Guid(7c22cf934e6b69849ad5ad1bd038f486) Importer(815301076,1909f56bfc062723c751e8b465ee728b)  -> (artifact id: 'e9527470d56b8774c67507b411dfb773') in 0.019345 seconds 
========================================================================
Received Import Request.
  Time since last request: 0.000169 seconds.
  path: Assets/Sprites/House 2.png
  artifactKey: Guid(d6aeb6785af0b12499d7555d9f231962) Importer(815301076,1909f56bfc062723c751e8b465ee728b)
Start importing Assets/Sprites/House 2.png using Guid(d6aeb6785af0b12499d7555d9f231962) Importer(815301076,1909f56bfc062723c751e8b465ee728b)  -> (artifact id: '560b43b68e519e4230b70bbee6662c90') in 0.021268 seconds 
========================================================================
Received Import Request.
  Time since last request: 0.000126 seconds.
  path: Assets/Sprites/Road 4.png
  artifactKey: Guid(9344d8fc944366f4cb4ee812d741db67) Importer(815301076,1909f56bfc062723c751e8b465ee728b)
Start importing Assets/Sprites/Road 4.png using Guid(9344d8fc944366f4cb4ee812d741db67) Importer(815301076,1909f56bfc062723c751e8b465ee728b)  -> (artifact id: 'e7579ab54b58ec71d01ec0d6b3b6ae7b') in 0.019558 seconds 
========================================================================
Received Import Request.
  Time since last request: 0.000158 seconds.
  path: Assets/Sprites/Intersection 1.png
  artifactKey: Guid(9e61f52cac8d6a749ab282230a6b02eb) Importer(815301076,1909f56bfc062723c751e8b465ee728b)
Start importing Assets/Sprites/Intersection 1.png using Guid(9e61f52cac8d6a749ab282230a6b02eb) Importer(815301076,1909f56bfc062723c751e8b465ee728b)  -> (artifact id: '560d03cf9c45383e93aaad2767cd36d2') in 0.027101 seconds 
========================================================================
Received Import Request.
  Time since last request: 0.000132 seconds.
  path: Assets/Sprites/Corner 1.png
  artifactKey: Guid(3e1b138f5d68a124a9a5a2b41ffa2261) Importer(815301076,1909f56bfc062723c751e8b465ee728b)
Start importing Assets/Sprites/Corner 1.png using Guid(3e1b138f5d68a124a9a5a2b41ffa2261) Importer(815301076,1909f56bfc062723c751e8b465ee728b)  -> (artifact id: '1f0402858b4ff2aede095c9206f35a04') in 0.026423 seconds 
========================================================================
Received Import Request.
  Time since last request: 0.000134 seconds.
  path: Assets/Sprites/Car 2.png
  artifactKey: Guid(7631b7935a4e4b345be3ba0214a801fd) Importer(815301076,1909f56bfc062723c751e8b465ee728b)
Start importing Assets/Sprites/Car 2.png using Guid(7631b7935a4e4b345be3ba0214a801fd) Importer(815301076,1909f56bfc062723c751e8b465ee728b)  -> (artifact id: '2cc9feb3feb49f51850ed4fb12f314bf') in 0.017972 seconds 
========================================================================
Received Import Request.
  Time since last request: 0.000148 seconds.
  path: Assets/Sprites/Curve 1.png
  artifactKey: Guid(a6e748d3746e9434b9acb9d4ddaa10e5) Importer(815301076,1909f56bfc062723c751e8b465ee728b)
Start importing Assets/Sprites/Curve 1.png using Guid(a6e748d3746e9434b9acb9d4ddaa10e5) Importer(815301076,1909f56bfc062723c751e8b465ee728b)  -> (artifact id: '0b6e100bb9fb528fb9aa85557f528f00') in 0.021507 seconds 
========================================================================
Received Import Request.
  Time since last request: 0.000144 seconds.
  path: Assets/Sprites/Intersection 2.png
  artifactKey: Guid(d053ff15421323b47902d32785451901) Importer(815301076,1909f56bfc062723c751e8b465ee728b)
Start importing Assets/Sprites/Intersection 2.png using Guid(d053ff15421323b47902d32785451901) Importer(815301076,1909f56bfc062723c751e8b465ee728b)  -> (artifact id: '908b78aaa7ebee7de9abc7e49ed70eea') in 0.036422 seconds 
========================================================================
Received Import Request.
  Time since last request: 0.000212 seconds.
  path: Assets/Sprites/Road 1.png
  artifactKey: Guid(10ab19e7e93341645b656f306fbe3c8b) Importer(815301076,1909f56bfc062723c751e8b465ee728b)
Start importing Assets/Sprites/Road 1.png using Guid(10ab19e7e93341645b656f306fbe3c8b) Importer(815301076,1909f56bfc062723c751e8b465ee728b)  -> (artifact id: 'c19bc9c9d6ec4df047fac90bb75b76dc') in 0.017814 seconds 
========================================================================
Received Import Request.
  Time since last request: 0.000132 seconds.
  path: Assets/Sprites/House 3.png
  artifactKey: Guid(92286e75fe7b24640987cbf6cdffded1) Importer(815301076,1909f56bfc062723c751e8b465ee728b)
Start importing Assets/Sprites/House 3.png using Guid(92286e75fe7b24640987cbf6cdffded1) Importer(815301076,1909f56bfc062723c751e8b465ee728b)  -> (artifact id: '1038d85fc44ef71f6a6dd844442eff09') in 0.018571 seconds 
========================================================================
Received Import Request.
  Time since last request: 0.000163 seconds.
  path: Assets/Sprites/Car 1.png
  artifactKey: Guid(b7b067791308caf489e2eda3fc3f9257) Importer(815301076,1909f56bfc062723c751e8b465ee728b)
Start importing Assets/Sprites/Car 1.png using Guid(b7b067791308caf489e2eda3fc3f9257) Importer(815301076,1909f56bfc062723c751e8b465ee728b)  -> (artifact id: '41d7d449c507615f3f7a5cebd214d7c8') in 0.018797 seconds 
========================================================================
Received Import Request.
  Time since last request: 0.000155 seconds.
  path: Assets/Sprites/Road 2.png
  artifactKey: Guid(d3d8cb9886994f144ae3d5dc435af7cc) Importer(815301076,1909f56bfc062723c751e8b465ee728b)
Start importing Assets/Sprites/Road 2.png using Guid(d3d8cb9886994f144ae3d5dc435af7cc) Importer(815301076,1909f56bfc062723c751e8b465ee728b)  -> (artifact id: '252f043f8dd8a312380968f1d2feabd1') in 0.019824 seconds 
========================================================================
Received Import Request.
  Time since last request: 0.000131 seconds.
  path: Assets/Sprites/Car 3.png
  artifactKey: Guid(1acb235801181894cb3356142d58d5f4) Importer(815301076,1909f56bfc062723c751e8b465ee728b)
Start importing Assets/Sprites/Car 3.png using Guid(1acb235801181894cb3356142d58d5f4) Importer(815301076,1909f56bfc062723c751e8b465ee728b)  -> (artifact id: '1dffc11ab9a19b2aea88f8743b524f08') in 0.017236 seconds 
========================================================================
Received Import Request.
  Time since last request: 0.000142 seconds.
  path: Assets/Sprites/Curve 2.png
  artifactKey: Guid(2688dd28df37da849a74244775c7cd6d) Importer(815301076,1909f56bfc062723c751e8b465ee728b)
Start importing Assets/Sprites/Curve 2.png using Guid(2688dd28df37da849a74244775c7cd6d) Importer(815301076,1909f56bfc062723c751e8b465ee728b)  -> (artifact id: '43198307b2053c11e827bcc489222266') in 0.021528 seconds 
========================================================================
Received Import Request.
  Time since last request: 0.000153 seconds.
  path: Assets/Sprites/Tree 2.png
  artifactKey: Guid(aa56478f9fdb5d140a1892a38eda199e) Importer(815301076,1909f56bfc062723c751e8b465ee728b)
Start importing Assets/Sprites/Tree 2.png using Guid(aa56478f9fdb5d140a1892a38eda199e) Importer(815301076,1909f56bfc062723c751e8b465ee728b)  -> (artifact id: '3df2a60b32b478357e9893d705d54a77') in 0.018256 seconds 
========================================================================
Received Import Request.
  Time since last request: 0.000226 seconds.
  path: Assets/Sprites/House 1.png
  artifactKey: Guid(13c1f3856fc1d094c88560e8c7962198) Importer(815301076,1909f56bfc062723c751e8b465ee728b)
Start importing Assets/Sprites/House 1.png using Guid(13c1f3856fc1d094c88560e8c7962198) Importer(815301076,1909f56bfc062723c751e8b465ee728b)  -> (artifact id: 'da65a1e06ea7b7de0378fdbf3768431c') in 0.018476 seconds 
========================================================================
Received Import Request.
  Time since last request: 0.000141 seconds.
  path: Assets/Sprites/Road 3.png
  artifactKey: Guid(ff850a2dbd8934a4bbe738b9ffc6896a) Importer(815301076,1909f56bfc062723c751e8b465ee728b)
Start importing Assets/Sprites/Road 3.png using Guid(ff850a2dbd8934a4bbe738b9ffc6896a) Importer(815301076,1909f56bfc062723c751e8b465ee728b)  -> (artifact id: 'e9d35c6119b8d3c3debd7830da465ff0') in 0.079216 seconds 
========================================================================
Received Import Request.
  Time since last request: 0.000145 seconds.
  path: Assets/Sprites/Corner 3.png
  artifactKey: Guid(1c272104f8b78fd44a00f1fae57030ff) Importer(815301076,1909f56bfc062723c751e8b465ee728b)
Start importing Assets/Sprites/Corner 3.png using Guid(1c272104f8b78fd44a00f1fae57030ff) Importer(815301076,1909f56bfc062723c751e8b465ee728b)  -> (artifact id: 'd5e4d9b1addc373ebd4fbfc91314c9ca') in 0.019057 seconds 
========================================================================
Received Import Request.
  Time since last request: 0.000173 seconds.
  path: Assets/Sprites/Tree 3.png
  artifactKey: Guid(b6b78df49a3e86a4981a86e3425da7cd) Importer(815301076,1909f56bfc062723c751e8b465ee728b)
Start importing Assets/Sprites/Tree 3.png using Guid(b6b78df49a3e86a4981a86e3425da7cd) Importer(815301076,1909f56bfc062723c751e8b465ee728b)  -> (artifact id: 'e7fdc95e2c6bbfb6684f7c22f5e3fb16') in 0.022739 seconds 
========================================================================
Received Import Request.
  Time since last request: 0.000149 seconds.
  path: Assets/Sprites/Tree 1.png
  artifactKey: Guid(8c0ef5dbbc1c507459946b58cda5d68c) Importer(815301076,1909f56bfc062723c751e8b465ee728b)
Start importing Assets/Sprites/Tree 1.png using Guid(8c0ef5dbbc1c507459946b58cda5d68c) Importer(815301076,1909f56bfc062723c751e8b465ee728b)  -> (artifact id: '33a8b96662cb9e27f4d2f2562dddfef1') in 0.020302 seconds 
AssetImportWorkerClient::OnTransportError - code=2 error=End of file
